<?xml version="1.0" encoding="UTF-8"?>
<!-- Generated by org.testng.reporters.JUnitXMLReporter -->
<testsuite ignored="0" hostname="DESKTOP-GI0UCAR" failures="0" tests="4" name="Default test" time="0.087" errors="0" timestamp="2024-01-08T10:40:10 EST">
  <testcase classname="com.expedia.flightsbooking.TestNG_Grouping" name="testAudiA6" time="0.005"/>
  <testcase classname="com.expedia.flightsbooking.TestNG_Grouping" name="testBMWX6" time="0.001"/>
  <testcase classname="com.expedia.flightsbooking.TestNG_Grouping" name="testHondaCBR" time="0.002"/>
  <testcase classname="com.expedia.flightsbooking.TestNG_Grouping" name="testNinja" time="0.001"/>
</testsuite> <!-- Default test -->
